<?xml version="1.0" encoding="UTF-8"?>
<testsuite xmlns:xsi="http://www.w3.org/2001/XMLSchema-instance" xsi:noNamespaceSchemaLocation="https://maven.apache.org/surefire/maven-surefire-plugin/xsd/surefire-test-report.xsd" name="com.scorpios.faceai.SpringbootFaceAiApplicationTests" time="4.79" tests="1" errors="0" skipped="0" failures="0">
  <properties>
    <property name="sun.desktop" value="windows"/>
    <property name="awt.toolkit" value="sun.awt.windows.WToolkit"/>
    <property name="file.encoding.pkg" value="sun.io"/>
    <property name="java.specification.version" value="1.8"/>
    <property name="sun.cpu.isalist" value="amd64"/>
    <property name="sun.jnu.encoding" value="GBK"/>
    <property name="java.class.path" value="D:\Development\_study\EnterpriseSoftwareDevelopment\springboot-face-ai\target\test-classes;D:\Development\_study\EnterpriseSoftwareDevelopment\springboot-face-ai\target\classes;D:\Development\Maven\repository\org\springframework\boot\spring-boot-starter-web\2.6.8\spring-boot-starter-web-2.6.8.jar;D:\Development\Maven\repository\org\springframework\boot\spring-boot-starter\2.6.8\spring-boot-starter-2.6.8.jar;D:\Development\Maven\repository\org\springframework\boot\spring-boot-starter-logging\2.6.8\spring-boot-starter-logging-2.6.8.jar;D:\Development\Maven\repository\ch\qos\logback\logback-classic\1.2.11\logback-classic-1.2.11.jar;D:\Development\Maven\repository\ch\qos\logback\logback-core\1.2.11\logback-core-1.2.11.jar;D:\Development\Maven\repository\org\apache\logging\log4j\log4j-to-slf4j\2.17.2\log4j-to-slf4j-2.17.2.jar;D:\Development\Maven\repository\org\apache\logging\log4j\log4j-api\2.17.2\log4j-api-2.17.2.jar;D:\Development\Maven\repository\org\slf4j\jul-to-slf4j\1.7.36\jul-to-slf4j-1.7.36.jar;D:\Development\Maven\repository\jakarta\annotation\jakarta.annotation-api\1.3.5\jakarta.annotation-api-1.3.5.jar;D:\Development\Maven\repository\org\yaml\snakeyaml\1.29\snakeyaml-1.29.jar;D:\Development\Maven\repository\org\springframework\boot\spring-boot-starter-json\2.6.8\spring-boot-starter-json-2.6.8.jar;D:\Development\Maven\repository\com\fasterxml\jackson\core\jackson-databind\2.13.3\jackson-databind-2.13.3.jar;D:\Development\Maven\repository\com\fasterxml\jackson\core\jackson-annotations\2.13.3\jackson-annotations-2.13.3.jar;D:\Development\Maven\repository\com\fasterxml\jackson\core\jackson-core\2.13.3\jackson-core-2.13.3.jar;D:\Development\Maven\repository\com\fasterxml\jackson\datatype\jackson-datatype-jdk8\2.13.3\jackson-datatype-jdk8-2.13.3.jar;D:\Development\Maven\repository\com\fasterxml\jackson\datatype\jackson-datatype-jsr310\2.13.3\jackson-datatype-jsr310-2.13.3.jar;D:\Development\Maven\repository\com\fasterxml\jackson\module\jackson-module-parameter-names\2.13.3\jackson-module-parameter-names-2.13.3.jar;D:\Development\Maven\repository\org\springframework\boot\spring-boot-starter-tomcat\2.6.8\spring-boot-starter-tomcat-2.6.8.jar;D:\Development\Maven\repository\org\apache\tomcat\embed\tomcat-embed-core\9.0.63\tomcat-embed-core-9.0.63.jar;D:\Development\Maven\repository\org\apache\tomcat\embed\tomcat-embed-el\9.0.63\tomcat-embed-el-9.0.63.jar;D:\Development\Maven\repository\org\apache\tomcat\embed\tomcat-embed-websocket\9.0.63\tomcat-embed-websocket-9.0.63.jar;D:\Development\Maven\repository\org\springframework\spring-web\5.3.20\spring-web-5.3.20.jar;D:\Development\Maven\repository\org\springframework\spring-beans\5.3.20\spring-beans-5.3.20.jar;D:\Development\Maven\repository\org\springframework\spring-webmvc\5.3.20\spring-webmvc-5.3.20.jar;D:\Development\Maven\repository\org\springframework\spring-aop\5.3.20\spring-aop-5.3.20.jar;D:\Development\Maven\repository\org\springframework\spring-context\5.3.20\spring-context-5.3.20.jar;D:\Development\Maven\repository\org\springframework\spring-expression\5.3.20\spring-expression-5.3.20.jar;D:\Development\Maven\repository\commons-codec\commons-codec\1.15\commons-codec-1.15.jar;D:\Development\Maven\repository\org\springframework\boot\spring-boot-starter-thymeleaf\2.6.8\spring-boot-starter-thymeleaf-2.6.8.jar;D:\Development\Maven\repository\org\thymeleaf\thymeleaf-spring5\3.0.15.RELEASE\thymeleaf-spring5-3.0.15.RELEASE.jar;D:\Development\Maven\repository\org\thymeleaf\thymeleaf\3.0.15.RELEASE\thymeleaf-3.0.15.RELEASE.jar;D:\Development\Maven\repository\org\attoparser\attoparser\2.0.5.RELEASE\attoparser-2.0.5.RELEASE.jar;D:\Development\Maven\repository\org\unbescape\unbescape\1.1.6.RELEASE\unbescape-1.1.6.RELEASE.jar;D:\Development\Maven\repository\org\thymeleaf\extras\thymeleaf-extras-java8time\3.0.4.RELEASE\thymeleaf-extras-java8time-3.0.4.RELEASE.jar;D:\Development\Maven\repository\org\springframework\boot\spring-boot-starter-data-jpa\2.6.8\spring-boot-starter-data-jpa-2.6.8.jar;D:\Development\Maven\repository\org\springframework\boot\spring-boot-starter-aop\2.6.8\spring-boot-starter-aop-2.6.8.jar;D:\Development\Maven\repository\org\aspectj\aspectjweaver\1.9.7\aspectjweaver-1.9.7.jar;D:\Development\Maven\repository\org\springframework\boot\spring-boot-starter-jdbc\2.6.8\spring-boot-starter-jdbc-2.6.8.jar;D:\Development\Maven\repository\org\springframework\spring-jdbc\5.3.20\spring-jdbc-5.3.20.jar;D:\Development\Maven\repository\jakarta\transaction\jakarta.transaction-api\1.3.3\jakarta.transaction-api-1.3.3.jar;D:\Development\Maven\repository\jakarta\persistence\jakarta.persistence-api\2.2.3\jakarta.persistence-api-2.2.3.jar;D:\Development\Maven\repository\org\springframework\data\spring-data-jpa\2.6.4\spring-data-jpa-2.6.4.jar;D:\Development\Maven\repository\org\springframework\data\spring-data-commons\2.6.4\spring-data-commons-2.6.4.jar;D:\Development\Maven\repository\org\springframework\spring-orm\5.3.20\spring-orm-5.3.20.jar;D:\Development\Maven\repository\org\springframework\spring-tx\5.3.20\spring-tx-5.3.20.jar;D:\Development\Maven\repository\org\springframework\spring-aspects\5.3.20\spring-aspects-5.3.20.jar;D:\Development\Maven\repository\mysql\mysql-connector-java\8.0.29\mysql-connector-java-8.0.29.jar;D:\Development\Maven\repository\org\hibernate\hibernate-entitymanager\5.6.9.Final\hibernate-entitymanager-5.6.9.Final.jar;D:\Development\Maven\repository\org\jboss\logging\jboss-logging\3.4.3.Final\jboss-logging-3.4.3.Final.jar;D:\Development\Maven\repository\org\hibernate\common\hibernate-commons-annotations\5.1.2.Final\hibernate-commons-annotations-5.1.2.Final.jar;D:\Development\Maven\repository\javax\persistence\javax.persistence-api\2.2\javax.persistence-api-2.2.jar;D:\Development\Maven\repository\net\bytebuddy\byte-buddy\1.11.22\byte-buddy-1.11.22.jar;D:\Development\Maven\repository\org\jboss\spec\javax\transaction\jboss-transaction-api_1.2_spec\1.1.1.Final\jboss-transaction-api_1.2_spec-1.1.1.Final.jar;D:\Development\Maven\repository\org\hibernate\hibernate-core\5.6.9.Final\hibernate-core-5.6.9.Final.jar;D:\Development\Maven\repository\antlr\antlr\2.7.7\antlr-2.7.7.jar;D:\Development\Maven\repository\org\jboss\jandex\2.4.2.Final\jandex-2.4.2.Final.jar;D:\Development\Maven\repository\com\fasterxml\classmate\1.5.1\classmate-1.5.1.jar;D:\Development\Maven\repository\javax\activation\javax.activation-api\1.2.0\javax.activation-api-1.2.0.jar;D:\Development\Maven\repository\javax\xml\bind\jaxb-api\2.3.1\jaxb-api-2.3.1.jar;D:\Development\Maven\repository\org\glassfish\jaxb\jaxb-runtime\2.3.6\jaxb-runtime-2.3.6.jar;D:\Development\Maven\repository\org\glassfish\jaxb\txw2\2.3.6\txw2-2.3.6.jar;D:\Development\Maven\repository\com\sun\istack\istack-commons-runtime\3.0.12\istack-commons-runtime-3.0.12.jar;D:\Development\Maven\repository\com\sun\activation\jakarta.activation\1.2.2\jakarta.activation-1.2.2.jar;D:\Development\Maven\repository\com\baidu\aip\java-sdk\4.16.19\java-sdk-4.16.19.jar;D:\Development\Maven\repository\org\json\json\20160810\json-20160810.jar;D:\Development\Maven\repository\org\slf4j\slf4j-api\1.7.36\slf4j-api-1.7.36.jar;D:\Development\Maven\repository\org\slf4j\slf4j-simple\1.7.36\slf4j-simple-1.7.36.jar;D:\Development\Maven\repository\com\google\guava\guava\23.0\guava-23.0.jar;D:\Development\Maven\repository\com\google\code\findbugs\jsr305\1.3.9\jsr305-1.3.9.jar;D:\Development\Maven\repository\com\google\errorprone\error_prone_annotations\2.0.18\error_prone_annotations-2.0.18.jar;D:\Development\Maven\repository\com\google\j2objc\j2objc-annotations\1.1\j2objc-annotations-1.1.jar;D:\Development\Maven\repository\org\codehaus\mojo\animal-sniffer-annotations\1.14\animal-sniffer-annotations-1.14.jar;D:\Development\Maven\repository\org\springframework\boot\spring-boot-devtools\2.6.8\spring-boot-devtools-2.6.8.jar;D:\Development\Maven\repository\org\springframework\boot\spring-boot\2.6.8\spring-boot-2.6.8.jar;D:\Development\Maven\repository\org\springframework\boot\spring-boot-autoconfigure\2.6.8\spring-boot-autoconfigure-2.6.8.jar;D:\Development\Maven\repository\org\springframework\boot\spring-boot-starter-test\2.6.8\spring-boot-starter-test-2.6.8.jar;D:\Development\Maven\repository\org\springframework\boot\spring-boot-test\2.6.8\spring-boot-test-2.6.8.jar;D:\Development\Maven\repository\org\springframework\boot\spring-boot-test-autoconfigure\2.6.8\spring-boot-test-autoconfigure-2.6.8.jar;D:\Development\Maven\repository\com\jayway\jsonpath\json-path\2.6.0\json-path-2.6.0.jar;D:\Development\Maven\repository\net\minidev\json-smart\2.4.8\json-smart-2.4.8.jar;D:\Development\Maven\repository\net\minidev\accessors-smart\2.4.8\accessors-smart-2.4.8.jar;D:\Development\Maven\repository\org\ow2\asm\asm\9.1\asm-9.1.jar;D:\Development\Maven\repository\jakarta\xml\bind\jakarta.xml.bind-api\2.3.3\jakarta.xml.bind-api-2.3.3.jar;D:\Development\Maven\repository\jakarta\activation\jakarta.activation-api\1.2.2\jakarta.activation-api-1.2.2.jar;D:\Development\Maven\repository\org\assertj\assertj-core\3.21.0\assertj-core-3.21.0.jar;D:\Development\Maven\repository\org\hamcrest\hamcrest\2.2\hamcrest-2.2.jar;D:\Development\Maven\repository\org\junit\jupiter\junit-jupiter\5.8.2\junit-jupiter-5.8.2.jar;D:\Development\Maven\repository\org\junit\jupiter\junit-jupiter-api\5.8.2\junit-jupiter-api-5.8.2.jar;D:\Development\Maven\repository\org\opentest4j\opentest4j\1.2.0\opentest4j-1.2.0.jar;D:\Development\Maven\repository\org\junit\platform\junit-platform-commons\1.8.2\junit-platform-commons-1.8.2.jar;D:\Development\Maven\repository\org\apiguardian\apiguardian-api\1.1.2\apiguardian-api-1.1.2.jar;D:\Development\Maven\repository\org\junit\jupiter\junit-jupiter-params\5.8.2\junit-jupiter-params-5.8.2.jar;D:\Development\Maven\repository\org\junit\jupiter\junit-jupiter-engine\5.8.2\junit-jupiter-engine-5.8.2.jar;D:\Development\Maven\repository\org\junit\platform\junit-platform-engine\1.8.2\junit-platform-engine-1.8.2.jar;D:\Development\Maven\repository\org\mockito\mockito-core\4.0.0\mockito-core-4.0.0.jar;D:\Development\Maven\repository\net\bytebuddy\byte-buddy-agent\1.11.22\byte-buddy-agent-1.11.22.jar;D:\Development\Maven\repository\org\objenesis\objenesis\3.2\objenesis-3.2.jar;D:\Development\Maven\repository\org\mockito\mockito-junit-jupiter\4.0.0\mockito-junit-jupiter-4.0.0.jar;D:\Development\Maven\repository\org\skyscreamer\jsonassert\1.5.0\jsonassert-1.5.0.jar;D:\Development\Maven\repository\com\vaadin\external\google\android-json\0.0.20131108.vaadin1\android-json-0.0.20131108.vaadin1.jar;D:\Development\Maven\repository\org\springframework\spring-core\5.3.20\spring-core-5.3.20.jar;D:\Development\Maven\repository\org\springframework\spring-jcl\5.3.20\spring-jcl-5.3.20.jar;D:\Development\Maven\repository\org\springframework\spring-test\5.3.20\spring-test-5.3.20.jar;D:\Development\Maven\repository\org\xmlunit\xmlunit-core\2.8.4\xmlunit-core-2.8.4.jar;D:\Development\Maven\repository\com\zaxxer\HikariCP\4.0.3\HikariCP-4.0.3.jar;D:\Development\Maven\repository\org\projectlombok\lombok\1.18.30\lombok-1.18.30.jar;"/>
    <property name="java.vm.vendor" value="Oracle Corporation"/>
    <property name="sun.arch.data.model" value="64"/>
    <property name="user.variant" value=""/>
    <property name="java.vendor.url" value="http://java.oracle.com/"/>
    <property name="user.timezone" value="Asia/Shanghai"/>
    <property name="java.vm.specification.version" value="1.8"/>
    <property name="os.name" value="Windows 10"/>
    <property name="user.country" value="CN"/>
    <property name="sun.java.launcher" value="SUN_STANDARD"/>
    <property name="sun.boot.library.path" value="D:\Development\Java\JDK1.8\jre\bin"/>
    <property name="sun.java.command" value="C:\Users\96946\AppData\Local\Temp\surefire5427372021035996562\surefirebooter605225162056234658.jar C:\Users\96946\AppData\Local\Temp\surefire5427372021035996562 2024-05-30T14-42-45_985-jvmRun1 surefire8679472569463193271tmp surefire_06958361061532754235tmp"/>
    <property name="surefire.test.class.path" value="D:\Development\_study\EnterpriseSoftwareDevelopment\springboot-face-ai\target\test-classes;D:\Development\_study\EnterpriseSoftwareDevelopment\springboot-face-ai\target\classes;D:\Development\Maven\repository\org\springframework\boot\spring-boot-starter-web\2.6.8\spring-boot-starter-web-2.6.8.jar;D:\Development\Maven\repository\org\springframework\boot\spring-boot-starter\2.6.8\spring-boot-starter-2.6.8.jar;D:\Development\Maven\repository\org\springframework\boot\spring-boot-starter-logging\2.6.8\spring-boot-starter-logging-2.6.8.jar;D:\Development\Maven\repository\ch\qos\logback\logback-classic\1.2.11\logback-classic-1.2.11.jar;D:\Development\Maven\repository\ch\qos\logback\logback-core\1.2.11\logback-core-1.2.11.jar;D:\Development\Maven\repository\org\apache\logging\log4j\log4j-to-slf4j\2.17.2\log4j-to-slf4j-2.17.2.jar;D:\Development\Maven\repository\org\apache\logging\log4j\log4j-api\2.17.2\log4j-api-2.17.2.jar;D:\Development\Maven\repository\org\slf4j\jul-to-slf4j\1.7.36\jul-to-slf4j-1.7.36.jar;D:\Development\Maven\repository\jakarta\annotation\jakarta.annotation-api\1.3.5\jakarta.annotation-api-1.3.5.jar;D:\Development\Maven\repository\org\yaml\snakeyaml\1.29\snakeyaml-1.29.jar;D:\Development\Maven\repository\org\springframework\boot\spring-boot-starter-json\2.6.8\spring-boot-starter-json-2.6.8.jar;D:\Development\Maven\repository\com\fasterxml\jackson\core\jackson-databind\2.13.3\jackson-databind-2.13.3.jar;D:\Development\Maven\repository\com\fasterxml\jackson\core\jackson-annotations\2.13.3\jackson-annotations-2.13.3.jar;D:\Development\Maven\repository\com\fasterxml\jackson\core\jackson-core\2.13.3\jackson-core-2.13.3.jar;D:\Development\Maven\repository\com\fasterxml\jackson\datatype\jackson-datatype-jdk8\2.13.3\jackson-datatype-jdk8-2.13.3.jar;D:\Development\Maven\repository\com\fasterxml\jackson\datatype\jackson-datatype-jsr310\2.13.3\jackson-datatype-jsr310-2.13.3.jar;D:\Development\Maven\repository\com\fasterxml\jackson\module\jackson-module-parameter-names\2.13.3\jackson-module-parameter-names-2.13.3.jar;D:\Development\Maven\repository\org\springframework\boot\spring-boot-starter-tomcat\2.6.8\spring-boot-starter-tomcat-2.6.8.jar;D:\Development\Maven\repository\org\apache\tomcat\embed\tomcat-embed-core\9.0.63\tomcat-embed-core-9.0.63.jar;D:\Development\Maven\repository\org\apache\tomcat\embed\tomcat-embed-el\9.0.63\tomcat-embed-el-9.0.63.jar;D:\Development\Maven\repository\org\apache\tomcat\embed\tomcat-embed-websocket\9.0.63\tomcat-embed-websocket-9.0.63.jar;D:\Development\Maven\repository\org\springframework\spring-web\5.3.20\spring-web-5.3.20.jar;D:\Development\Maven\repository\org\springframework\spring-beans\5.3.20\spring-beans-5.3.20.jar;D:\Development\Maven\repository\org\springframework\spring-webmvc\5.3.20\spring-webmvc-5.3.20.jar;D:\Development\Maven\repository\org\springframework\spring-aop\5.3.20\spring-aop-5.3.20.jar;D:\Development\Maven\repository\org\springframework\spring-context\5.3.20\spring-context-5.3.20.jar;D:\Development\Maven\repository\org\springframework\spring-expression\5.3.20\spring-expression-5.3.20.jar;D:\Development\Maven\repository\commons-codec\commons-codec\1.15\commons-codec-1.15.jar;D:\Development\Maven\repository\org\springframework\boot\spring-boot-starter-thymeleaf\2.6.8\spring-boot-starter-thymeleaf-2.6.8.jar;D:\Development\Maven\repository\org\thymeleaf\thymeleaf-spring5\3.0.15.RELEASE\thymeleaf-spring5-3.0.15.RELEASE.jar;D:\Development\Maven\repository\org\thymeleaf\thymeleaf\3.0.15.RELEASE\thymeleaf-3.0.15.RELEASE.jar;D:\Development\Maven\repository\org\attoparser\attoparser\2.0.5.RELEASE\attoparser-2.0.5.RELEASE.jar;D:\Development\Maven\repository\org\unbescape\unbescape\1.1.6.RELEASE\unbescape-1.1.6.RELEASE.jar;D:\Development\Maven\repository\org\thymeleaf\extras\thymeleaf-extras-java8time\3.0.4.RELEASE\thymeleaf-extras-java8time-3.0.4.RELEASE.jar;D:\Development\Maven\repository\org\springframework\boot\spring-boot-starter-data-jpa\2.6.8\spring-boot-starter-data-jpa-2.6.8.jar;D:\Development\Maven\repository\org\springframework\boot\spring-boot-starter-aop\2.6.8\spring-boot-starter-aop-2.6.8.jar;D:\Development\Maven\repository\org\aspectj\aspectjweaver\1.9.7\aspectjweaver-1.9.7.jar;D:\Development\Maven\repository\org\springframework\boot\spring-boot-starter-jdbc\2.6.8\spring-boot-starter-jdbc-2.6.8.jar;D:\Development\Maven\repository\org\springframework\spring-jdbc\5.3.20\spring-jdbc-5.3.20.jar;D:\Development\Maven\repository\jakarta\transaction\jakarta.transaction-api\1.3.3\jakarta.transaction-api-1.3.3.jar;D:\Development\Maven\repository\jakarta\persistence\jakarta.persistence-api\2.2.3\jakarta.persistence-api-2.2.3.jar;D:\Development\Maven\repository\org\springframework\data\spring-data-jpa\2.6.4\spring-data-jpa-2.6.4.jar;D:\Development\Maven\repository\org\springframework\data\spring-data-commons\2.6.4\spring-data-commons-2.6.4.jar;D:\Development\Maven\repository\org\springframework\spring-orm\5.3.20\spring-orm-5.3.20.jar;D:\Development\Maven\repository\org\springframework\spring-tx\5.3.20\spring-tx-5.3.20.jar;D:\Development\Maven\repository\org\springframework\spring-aspects\5.3.20\spring-aspects-5.3.20.jar;D:\Development\Maven\repository\mysql\mysql-connector-java\8.0.29\mysql-connector-java-8.0.29.jar;D:\Development\Maven\repository\org\hibernate\hibernate-entitymanager\5.6.9.Final\hibernate-entitymanager-5.6.9.Final.jar;D:\Development\Maven\repository\org\jboss\logging\jboss-logging\3.4.3.Final\jboss-logging-3.4.3.Final.jar;D:\Development\Maven\repository\org\hibernate\common\hibernate-commons-annotations\5.1.2.Final\hibernate-commons-annotations-5.1.2.Final.jar;D:\Development\Maven\repository\javax\persistence\javax.persistence-api\2.2\javax.persistence-api-2.2.jar;D:\Development\Maven\repository\net\bytebuddy\byte-buddy\1.11.22\byte-buddy-1.11.22.jar;D:\Development\Maven\repository\org\jboss\spec\javax\transaction\jboss-transaction-api_1.2_spec\1.1.1.Final\jboss-transaction-api_1.2_spec-1.1.1.Final.jar;D:\Development\Maven\repository\org\hibernate\hibernate-core\5.6.9.Final\hibernate-core-5.6.9.Final.jar;D:\Development\Maven\repository\antlr\antlr\2.7.7\antlr-2.7.7.jar;D:\Development\Maven\repository\org\jboss\jandex\2.4.2.Final\jandex-2.4.2.Final.jar;D:\Development\Maven\repository\com\fasterxml\classmate\1.5.1\classmate-1.5.1.jar;D:\Development\Maven\repository\javax\activation\javax.activation-api\1.2.0\javax.activation-api-1.2.0.jar;D:\Development\Maven\repository\javax\xml\bind\jaxb-api\2.3.1\jaxb-api-2.3.1.jar;D:\Development\Maven\repository\org\glassfish\jaxb\jaxb-runtime\2.3.6\jaxb-runtime-2.3.6.jar;D:\Development\Maven\repository\org\glassfish\jaxb\txw2\2.3.6\txw2-2.3.6.jar;D:\Development\Maven\repository\com\sun\istack\istack-commons-runtime\3.0.12\istack-commons-runtime-3.0.12.jar;D:\Development\Maven\repository\com\sun\activation\jakarta.activation\1.2.2\jakarta.activation-1.2.2.jar;D:\Development\Maven\repository\com\baidu\aip\java-sdk\4.16.19\java-sdk-4.16.19.jar;D:\Development\Maven\repository\org\json\json\20160810\json-20160810.jar;D:\Development\Maven\repository\org\slf4j\slf4j-api\1.7.36\slf4j-api-1.7.36.jar;D:\Development\Maven\repository\org\slf4j\slf4j-simple\1.7.36\slf4j-simple-1.7.36.jar;D:\Development\Maven\repository\com\google\guava\guava\23.0\guava-23.0.jar;D:\Development\Maven\repository\com\google\code\findbugs\jsr305\1.3.9\jsr305-1.3.9.jar;D:\Development\Maven\repository\com\google\errorprone\error_prone_annotations\2.0.18\error_prone_annotations-2.0.18.jar;D:\Development\Maven\repository\com\google\j2objc\j2objc-annotations\1.1\j2objc-annotations-1.1.jar;D:\Development\Maven\repository\org\codehaus\mojo\animal-sniffer-annotations\1.14\animal-sniffer-annotations-1.14.jar;D:\Development\Maven\repository\org\springframework\boot\spring-boot-devtools\2.6.8\spring-boot-devtools-2.6.8.jar;D:\Development\Maven\repository\org\springframework\boot\spring-boot\2.6.8\spring-boot-2.6.8.jar;D:\Development\Maven\repository\org\springframework\boot\spring-boot-autoconfigure\2.6.8\spring-boot-autoconfigure-2.6.8.jar;D:\Development\Maven\repository\org\springframework\boot\spring-boot-starter-test\2.6.8\spring-boot-starter-test-2.6.8.jar;D:\Development\Maven\repository\org\springframework\boot\spring-boot-test\2.6.8\spring-boot-test-2.6.8.jar;D:\Development\Maven\repository\org\springframework\boot\spring-boot-test-autoconfigure\2.6.8\spring-boot-test-autoconfigure-2.6.8.jar;D:\Development\Maven\repository\com\jayway\jsonpath\json-path\2.6.0\json-path-2.6.0.jar;D:\Development\Maven\repository\net\minidev\json-smart\2.4.8\json-smart-2.4.8.jar;D:\Development\Maven\repository\net\minidev\accessors-smart\2.4.8\accessors-smart-2.4.8.jar;D:\Development\Maven\repository\org\ow2\asm\asm\9.1\asm-9.1.jar;D:\Development\Maven\repository\jakarta\xml\bind\jakarta.xml.bind-api\2.3.3\jakarta.xml.bind-api-2.3.3.jar;D:\Development\Maven\repository\jakarta\activation\jakarta.activation-api\1.2.2\jakarta.activation-api-1.2.2.jar;D:\Development\Maven\repository\org\assertj\assertj-core\3.21.0\assertj-core-3.21.0.jar;D:\Development\Maven\repository\org\hamcrest\hamcrest\2.2\hamcrest-2.2.jar;D:\Development\Maven\repository\org\junit\jupiter\junit-jupiter\5.8.2\junit-jupiter-5.8.2.jar;D:\Development\Maven\repository\org\junit\jupiter\junit-jupiter-api\5.8.2\junit-jupiter-api-5.8.2.jar;D:\Development\Maven\repository\org\opentest4j\opentest4j\1.2.0\opentest4j-1.2.0.jar;D:\Development\Maven\repository\org\junit\platform\junit-platform-commons\1.8.2\junit-platform-commons-1.8.2.jar;D:\Development\Maven\repository\org\apiguardian\apiguardian-api\1.1.2\apiguardian-api-1.1.2.jar;D:\Development\Maven\repository\org\junit\jupiter\junit-jupiter-params\5.8.2\junit-jupiter-params-5.8.2.jar;D:\Development\Maven\repository\org\junit\jupiter\junit-jupiter-engine\5.8.2\junit-jupiter-engine-5.8.2.jar;D:\Development\Maven\repository\org\junit\platform\junit-platform-engine\1.8.2\junit-platform-engine-1.8.2.jar;D:\Development\Maven\repository\org\mockito\mockito-core\4.0.0\mockito-core-4.0.0.jar;D:\Development\Maven\repository\net\bytebuddy\byte-buddy-agent\1.11.22\byte-buddy-agent-1.11.22.jar;D:\Development\Maven\repository\org\objenesis\objenesis\3.2\objenesis-3.2.jar;D:\Development\Maven\repository\org\mockito\mockito-junit-jupiter\4.0.0\mockito-junit-jupiter-4.0.0.jar;D:\Development\Maven\repository\org\skyscreamer\jsonassert\1.5.0\jsonassert-1.5.0.jar;D:\Development\Maven\repository\com\vaadin\external\google\android-json\0.0.20131108.vaadin1\android-json-0.0.20131108.vaadin1.jar;D:\Development\Maven\repository\org\springframework\spring-core\5.3.20\spring-core-5.3.20.jar;D:\Development\Maven\repository\org\springframework\spring-jcl\5.3.20\spring-jcl-5.3.20.jar;D:\Development\Maven\repository\org\springframework\spring-test\5.3.20\spring-test-5.3.20.jar;D:\Development\Maven\repository\org\xmlunit\xmlunit-core\2.8.4\xmlunit-core-2.8.4.jar;D:\Development\Maven\repository\com\zaxxer\HikariCP\4.0.3\HikariCP-4.0.3.jar;D:\Development\Maven\repository\org\projectlombok\lombok\1.18.30\lombok-1.18.30.jar;"/>
    <property name="sun.cpu.endian" value="little"/>
    <property name="user.home" value="C:\Users\96946"/>
    <property name="user.language" value="zh"/>
    <property name="java.specification.vendor" value="Oracle Corporation"/>
    <property name="java.home" value="D:\Development\Java\JDK1.8\jre"/>
    <property name="basedir" value="D:\Development\_study\EnterpriseSoftwareDevelopment\springboot-face-ai"/>
    <property name="file.separator" value="\"/>
    <property name="line.separator" value="&#10;"/>
    <property name="java.vm.specification.vendor" value="Oracle Corporation"/>
    <property name="java.specification.name" value="Java Platform API Specification"/>
    <property name="java.awt.graphicsenv" value="sun.awt.Win32GraphicsEnvironment"/>
    <property name="surefire.real.class.path" value="C:\Users\96946\AppData\Local\Temp\surefire5427372021035996562\surefirebooter605225162056234658.jar"/>
    <property name="sun.boot.class.path" value="D:\Development\Java\JDK1.8\jre\lib\resources.jar;D:\Development\Java\JDK1.8\jre\lib\rt.jar;D:\Development\Java\JDK1.8\jre\lib\sunrsasign.jar;D:\Development\Java\JDK1.8\jre\lib\jsse.jar;D:\Development\Java\JDK1.8\jre\lib\jce.jar;D:\Development\Java\JDK1.8\jre\lib\charsets.jar;D:\Development\Java\JDK1.8\jre\lib\jfr.jar;D:\Development\Java\JDK1.8\jre\classes"/>
    <property name="user.script" value=""/>
    <property name="sun.management.compiler" value="HotSpot 64-Bit Tiered Compilers"/>
    <property name="java.runtime.version" value="1.8.0_281-b09"/>
    <property name="user.name" value="96946"/>
    <property name="path.separator" value=";"/>
    <property name="os.version" value="10.0"/>
    <property name="java.endorsed.dirs" value="D:\Development\Java\JDK1.8\jre\lib\endorsed"/>
    <property name="java.runtime.name" value="Java(TM) SE Runtime Environment"/>
    <property name="file.encoding" value="GBK"/>
    <property name="java.vm.name" value="Java HotSpot(TM) 64-Bit Server VM"/>
    <property name="localRepository" value="D:\Development\Maven\repository"/>
    <property name="java.vendor.url.bug" value="http://bugreport.sun.com/bugreport/"/>
    <property name="java.io.tmpdir" value="C:\Users\96946\AppData\Local\Temp\"/>
    <property name="idea.version" value="2023.2.1"/>
    <property name="java.version" value="1.8.0_281"/>
    <property name="user.dir" value="D:\Development\_study\EnterpriseSoftwareDevelopment\springboot-face-ai"/>
    <property name="os.arch" value="amd64"/>
    <property name="java.vm.specification.name" value="Java Virtual Machine Specification"/>
    <property name="java.awt.printerjob" value="sun.awt.windows.WPrinterJob"/>
    <property name="sun.os.patch.level" value=""/>
    <property name="java.library.path" value="D:\Development\Java\JDK1.8\jre\bin;C:\WINDOWS\Sun\Java\bin;C:\WINDOWS\system32;C:\WINDOWS;C:\Program Files (x86)\Razer Chroma SDK\bin;C:\Program Files\Razer Chroma SDK\bin;D:\VMware\bin\;C:\Program Files\Common Files\Oracle\Java\javapath;C:\Program Files (x86)\Common Files\Oracle\Java\javapath;C:\WINDOWS\system32;C:\WINDOWS;C:\WINDOWS\System32\Wbem;C:\WINDOWS\System32\WindowsPowerShell\v1.0\;C:\WINDOWS\System32\OpenSSH\;C:\Program Files\Microsoft SQL Server\120\Tools\Binn\;D:\Development\微信开发者工具\微信web开发者工具\dll;D:\Development\Git\Git\cmd;D:\Development\Git\TortoiseGit\bin;D:\Development\Redis\;D:\Development\Java\JDK1.8\jre\bin;D:\Development\Java\JDK1.8\bin;D:\Development\Maven\apache-maven-3.9.4\bin;D:\Development\MySql\install\bin;D:\Development\SVN\bin;D:\Development\Anaconda3\Scripts;D:\Development\Anaconda3;D:\Development\Anaconda3\condabin;D:\Development\Xshell_7\;D:\Development\Xftp_7\;D:\Development\sqlite3;;C:\Program Files\Docker\Docker\resources\bin;C:\WINDOWS\system32\config\systemprofile\AppData\Local\Microsoft\WindowsApps;C:\Program Files (x86)\Razer\ChromaBroadcast\bin;C:\Program Files\Razer\ChromaBroadcast\bin;C:\Users\96946\AppData\Local\Microsoft\WindowsApps;D:\Development\VScode\Microsoft VS Code\bin;D:\Development\MinGW\MinGW\bin;%IntelliJ IDEA%;%IntelliJ IDEA Community Edition%;D:\Development\Java\JDK1.8\bin;D:\Development\Java\JDK1.8\jre\bin;D:\Development\Maven\apache-maven-3.9.4\bin;D:\Development\MySql\install\bin;C:\Users\96946\AppData\Roaming\npm;D:\Software\Tencent\Game\QQGame\Hall.58036\;D:\Development\nodejs\;%PNPM_HOME%;%USERPROFILE%\AppData\Local\Microsoft\WindowsApps;D:\Development\VScode\Microsoft VS Code\bin;D:\Development\MinGW\MinGW\bin;%IntelliJ IDEA%;%IntelliJ IDEA Community Edition%;%JAVA_HOME%\bin;%JAVA_HOME%\jre\bin;%MAVEN_HOME%\bin;%MYSQL_HOME%\bin;C:\Users\96946\AppData\Roaming\npm;D:\Software\Tencent\Game\QQGame\Hall.58139\;."/>
    <property name="java.vm.info" value="mixed mode"/>
    <property name="java.vendor" value="Oracle Corporation"/>
    <property name="java.vm.version" value="25.281-b09"/>
    <property name="java.ext.dirs" value="D:\Development\Java\JDK1.8\jre\lib\ext;C:\WINDOWS\Sun\Java\lib\ext"/>
    <property name="sun.io.unicode.encoding" value="UnicodeLittle"/>
    <property name="maven.repo.local" value="D:\Development\Maven\repository"/>
    <property name="java.class.version" value="52.0"/>
  </properties>
  <testcase name="contextLoads" classname="com.scorpios.faceai.SpringbootFaceAiApplicationTests" time="0.063"/>
</testsuite>